Epoch 1, Loss: 0.3905404806137085, Train Accuracy: 88.06757354736328,Test Loss: 0.16782404482364655, Test Accuracy: 94.86000061035156
Time for Epoch:10.619914531707764
Average single batch time this epoch: 0.0433397333846133
Epoch 2, Loss: 0.12724794447422028, Train Accuracy: 96.19725036621094,Test Loss: 0.13066740334033966, Test Accuracy: 96.06000518798828
Running Average Epoch time: 8.994689464569092

Time for Epoch:8.994689464569092
Average single batch time this epoch: 0.037434489299089484
Epoch 3, Loss: 0.08411987125873566, Train Accuracy: 97.45259094238281,Test Loss: 0.1062893345952034, Test Accuracy: 96.77999877929688
Running Average Epoch time: 8.72201681137085

Time for Epoch:8.449344158172607
Average single batch time this epoch: 0.0351411257034693
Epoch 4, Loss: 0.06321393698453903, Train Accuracy: 98.03184509277344,Test Loss: 0.11935809254646301, Test Accuracy: 96.6300048828125
Running Average Epoch time: 8.905714909235636

Time for Epoch:9.27311110496521
Average single batch time this epoch: 0.0386514113499568
Epoch 5, Loss: 0.05117278918623924, Train Accuracy: 98.36905670166016,Test Loss: 0.10474350303411484, Test Accuracy: 97.11000061035156
Running Average Epoch time: 8.968385815620422

Time for Epoch:9.15639853477478
Average single batch time this epoch: 0.038121626927302435
Average time per Batch: 0.0373371633199545
Average time per Epoch: 8.968385815620422
