Epoch 1, Loss: 2.446138858795166, Train Accuracy: 36.01422882080078,Test Loss: 1.0809999704360962, Test Accuracy: 66.22999572753906
Time for Epoch:10.061146974563599
Average single batch time this epoch: 1.3247662271772112
Epoch 2, Loss: 0.6821946501731873, Train Accuracy: 79.58112335205078,Test Loss: 0.4051319360733032, Test Accuracy: 89.02999877929688
Running Average Epoch time: 8.569570541381836

Time for Epoch:8.569570541381836
Average single batch time this epoch: 1.1467122350420271
Epoch 3, Loss: 0.3592910170555115, Train Accuracy: 89.90478515625,Test Loss: 0.2548573911190033, Test Accuracy: 92.43999481201172
Running Average Epoch time: 8.555640578269958

Time for Epoch:8.541710615158081
Average single batch time this epoch: 1.1426483222416468
Epoch 4, Loss: 0.22392408549785614, Train Accuracy: 93.34716796875,Test Loss: 0.18409323692321777, Test Accuracy: 94.36000061035156
Running Average Epoch time: 8.565121491750082

Time for Epoch:8.584083318710327
Average single batch time this epoch: 1.1481540203094482
Epoch 5, Loss: 0.16509880125522614, Train Accuracy: 95.06138610839844,Test Loss: 0.14393331110477448, Test Accuracy: 95.42000579833984
Running Average Epoch time: 8.561916947364807

Time for Epoch:8.552303314208984
Average single batch time this epoch: 1.1455466406685966
Average time per Batch: 1.1457653045654297
Average time per Epoch: 8.561916947364807
