Epoch 1, Loss: 268.0028991699219, Train Accuracy: 20.880998611450195,Test Loss: 20.47624969482422, Test Accuracy: 21.760000228881836
Time for Epoch:114.8839361667633
Average single batch time this epoch: 15.47561046055385
Epoch 2, Loss: 6.747923851013184, Train Accuracy: 37.73891067504883,Test Loss: 2.1179707050323486, Test Accuracy: 55.12999725341797
Running Average Epoch time: 113.17986750602722

Time for Epoch:113.17986750602722
Average single batch time this epoch: 15.263429948261805
Epoch 3, Loss: 1.1171141862869263, Train Accuracy: 68.22858428955078,Test Loss: 0.679324746131897, Test Accuracy: 79.61000061035156
Running Average Epoch time: 113.14987516403198

Time for Epoch:113.11988282203674
Average single batch time this epoch: 15.254612275532313
Epoch 4, Loss: 0.541520357131958, Train Accuracy: 83.23974609375,Test Loss: 0.36413300037384033, Test Accuracy: 88.69000244140625
Running Average Epoch time: 113.13166165351868

Time for Epoch:113.09523463249207
Average single batch time this epoch: 15.254642418452672
Epoch 5, Loss: 0.3565922677516937, Train Accuracy: 89.29268646240234,Test Loss: 0.2802736461162567, Test Accuracy: 91.5199966430664
Running Average Epoch time: 113.09565031528473

Time for Epoch:112.98761630058289
Average single batch time this epoch: 15.239089284624372
Average time per Batch: 15.25294348171779
Average time per Epoch: 113.09565031528473
