Epoch 1, Loss: 3.4267611503601074, Train Accuracy: 25.78473663330078,Test Loss: 1.4173921346664429, Test Accuracy: 47.56999969482422
Time for Epoch:17.447813749313354
Average single batch time this epoch: 1.159731354032244
Epoch 2, Loss: 0.9065969586372375, Train Accuracy: 69.95152282714844,Test Loss: 0.4397121071815491, Test Accuracy: 86.95999908447266
Running Average Epoch time: 15.504903554916382

Time for Epoch:15.504903554916382
Average single batch time this epoch: 1.04188871383667
Epoch 3, Loss: 0.34423762559890747, Train Accuracy: 89.62227630615234,Test Loss: 0.24557514488697052, Test Accuracy: 92.61000061035156
Running Average Epoch time: 15.49866008758545

Time for Epoch:15.492416620254517
Average single batch time this epoch: 1.043017097881862
Epoch 4, Loss: 0.19744189083576202, Train Accuracy: 94.00460052490234,Test Loss: 0.17346744239330292, Test Accuracy: 94.55000305175781
Running Average Epoch time: 15.49938408533732

Time for Epoch:15.500832080841064
Average single batch time this epoch: 1.0399312802723475
Epoch 5, Loss: 0.1321597695350647, Train Accuracy: 96.00306701660156,Test Loss: 0.14011822640895844, Test Accuracy: 95.69000244140625
Running Average Epoch time: 15.500207543373108

Time for Epoch:15.502677917480469
Average single batch time this epoch: 1.043656655720302
Average time per Batch: 1.0421234369277954
Average time per Epoch: 15.500207543373108
