Epoch 1, Loss: 0.5370376706123352, Train Accuracy: 84.50801086425781,Test Loss: 0.1307804137468338, Test Accuracy: 96.12000274658203
Time for Epoch:51.12392234802246
Average single batch time this epoch: 0.8538810836857763
Epoch 2, Loss: 0.10360909253358841, Train Accuracy: 96.91204071044922,Test Loss: 0.09831760078668594, Test Accuracy: 96.87999725341797
Running Average Epoch time: 49.67761182785034

Time for Epoch:49.67761182785034
Average single batch time this epoch: 0.8349380287630804
Epoch 3, Loss: 0.06891418993473053, Train Accuracy: 97.86671447753906,Test Loss: 0.09237994253635406, Test Accuracy: 97.18000030517578
Running Average Epoch time: 49.89098334312439

Time for Epoch:50.10435485839844
Average single batch time this epoch: 0.8390769752962836
Epoch 4, Loss: 0.04388176649808884, Train Accuracy: 98.66816711425781,Test Loss: 0.11956027895212173, Test Accuracy: 96.62000274658203
Running Average Epoch time: 49.58088262875875

Time for Epoch:48.960681200027466
Average single batch time this epoch: 0.8185940117671572
Epoch 5, Loss: 0.034011110663414, Train Accuracy: 98.89715576171875,Test Loss: 0.12617933750152588, Test Accuracy: 96.59000396728516
Running Average Epoch time: 49.290411829948425

Time for Epoch:48.418999433517456
Average single batch time this epoch: 0.8113604455158628
Average time per Batch: 0.8259923653355961
Average time per Epoch: 49.290411829948425
