Epoch 1, Loss: 0.2628045976161957, Train Accuracy: 92.177490234375,Test Loss: 0.1106121838092804, Test Accuracy: 96.56999969482422
Time for Epoch:14.938951015472412
Average single batch time this epoch: 0.06039592241629576
Epoch 2, Loss: 0.09353452175855637, Train Accuracy: 97.11705780029297,Test Loss: 0.12253082543611526, Test Accuracy: 96.37000274658203
Running Average Epoch time: 12.379349946975708

Time for Epoch:12.379349946975708
Average single batch time this epoch: 0.0505907932917277
Epoch 3, Loss: 0.0588507242500782, Train Accuracy: 98.20880126953125,Test Loss: 0.1264360547065735, Test Accuracy: 96.43000030517578
Running Average Epoch time: 12.393423438072205

Time for Epoch:12.407496929168701
Average single batch time this epoch: 0.050700130625667736
Epoch 4, Loss: 0.05699918046593666, Train Accuracy: 98.252197265625,Test Loss: 0.09269972890615463, Test Accuracy: 97.33000183105469
Running Average Epoch time: 12.373997608820597

Time for Epoch:12.335145950317383
Average single batch time this epoch: 0.05039061236585307
Epoch 5, Loss: 0.037195730954408646, Train Accuracy: 98.81476593017578,Test Loss: 0.09792447835206985, Test Accuracy: 97.43999481201172
Running Average Epoch time: 12.375370264053345

Time for Epoch:12.379488229751587
Average single batch time this epoch: 0.0505774958520873
Average time per Batch: 0.05056475803383395
Average time per Epoch: 12.375370264053345
