Epoch 1, Loss: 0.26375553011894226, Train Accuracy: 92.14743041992188,Test Loss: 0.11751537024974823, Test Accuracy: 96.33000183105469
Time for Epoch:37.90511655807495
Average single batch time this epoch: 0.15824916729560265
Epoch 2, Loss: 0.09402098506689072, Train Accuracy: 97.1671371459961,Test Loss: 0.12329909950494766, Test Accuracy: 96.4800033569336
Running Average Epoch time: 36.335002183914185

Time for Epoch:36.335002183914185
Average single batch time this epoch: 0.15261049963470197
Epoch 3, Loss: 0.06273878365755081, Train Accuracy: 98.05855560302734,Test Loss: 0.1084912121295929, Test Accuracy: 97.0199966430664
Running Average Epoch time: 36.380287766456604

Time for Epoch:36.42557334899902
Average single batch time this epoch: 0.15257019466824
Epoch 4, Loss: 0.04589778557419777, Train Accuracy: 98.56770324707031,Test Loss: 0.11624028533697128, Test Accuracy: 96.91000366210938
Running Average Epoch time: 36.27100626627604

Time for Epoch:36.05244326591492
Average single batch time this epoch: 0.15105573743836492
Epoch 5, Loss: 0.03962811082601547, Train Accuracy: 98.77637481689453,Test Loss: 0.10663069039583206, Test Accuracy: 97.62999725341797
Running Average Epoch time: 36.171393156051636

Time for Epoch:35.87255382537842
Average single batch time this epoch: 0.15093270937601724
Average time per Batch: 0.15179228527933103
Average time per Epoch: 36.171393156051636
