Epoch 1, Loss: 1.5715179443359375, Train Accuracy: 56.45054626464844,Test Loss: 0.408477246761322, Test Accuracy: 88.52000427246094
Time for Epoch:10.085757493972778
Average single batch time this epoch: 0.6641937664576939
Epoch 2, Loss: 0.31047457456588745, Train Accuracy: 91.12025451660156,Test Loss: 0.19753016531467438, Test Accuracy: 93.79000091552734
Running Average Epoch time: 8.471484422683716

Time for Epoch:8.471484422683716
Average single batch time this epoch: 0.5672557694571358
Epoch 3, Loss: 0.16518466174602509, Train Accuracy: 95.02127838134766,Test Loss: 0.1350959986448288, Test Accuracy: 95.62000274658203
Running Average Epoch time: 8.471923112869263

Time for Epoch:8.47236180305481
Average single batch time this epoch: 0.5665700435638428
Epoch 4, Loss: 0.10855457931756973, Train Accuracy: 96.76513671875,Test Loss: 0.10938470810651779, Test Accuracy: 96.7300033569336
Running Average Epoch time: 8.47312339146932

Time for Epoch:8.475523948669434
Average single batch time this epoch: 0.5668144055775234
Epoch 5, Loss: 0.07353290170431137, Train Accuracy: 97.76262664794922,Test Loss: 0.09054094552993774, Test Accuracy: 97.16999816894531
Running Average Epoch time: 8.485099375247955

Time for Epoch:8.521027326583862
Average single batch time this epoch: 0.5700654813221523
Average time per Batch: 0.5676764249801636
Average time per Epoch: 8.485099375247955
