Epoch 1, Loss: 0.2635384202003479, Train Accuracy: 92.10069274902344,Test Loss: 0.11883627623319626, Test Accuracy: 96.27000427246094
Time for Epoch:108.17929673194885
Average single batch time this epoch: 0.45527844755058616
Epoch 2, Loss: 0.09418363869190216, Train Accuracy: 97.20218658447266,Test Loss: 0.11578063666820526, Test Accuracy: 96.6500015258789
Running Average Epoch time: 107.50439214706421

Time for Epoch:107.50439214706421
Average single batch time this epoch: 0.4531647914495224
Epoch 3, Loss: 0.0591730959713459, Train Accuracy: 98.20045471191406,Test Loss: 0.1347695291042328, Test Accuracy: 96.45999908447266
Running Average Epoch time: 110.26841115951538

Time for Epoch:113.03243017196655
Average single batch time this epoch: 0.47684020364386404
Epoch 4, Loss: 0.05194930359721184, Train Accuracy: 98.37740325927734,Test Loss: 0.1280847191810608, Test Accuracy: 96.80000305175781
Running Average Epoch time: 109.86399642626445

Time for Epoch:109.05516695976257
Average single batch time this epoch: 0.46021719977387
Epoch 5, Loss: 0.03893609717488289, Train Accuracy: 98.78972625732422,Test Loss: 0.10008001327514648, Test Accuracy: 97.37999725341797
Running Average Epoch time: 109.8296103477478

Time for Epoch:109.72645211219788
Average single batch time this epoch: 0.46243449052174884
Average time per Batch: 0.4631641713472513
Average time per Epoch: 109.8296103477478
