Epoch 1, Loss: 9.488423347473145, Train Accuracy: 88.03251647949219,Test Loss: 0.20224714279174805, Test Accuracy: 93.7699966430664
Time for Epoch:222.0030963420868
Average single batch time this epoch: 0.929248999326657
Epoch 2, Loss: 0.09145258367061615, Train Accuracy: 97.11872100830078,Test Loss: 0.14107318222522736, Test Accuracy: 95.70000457763672
Running Average Epoch time: 213.6423740386963

Time for Epoch:213.6423740386963
Average single batch time this epoch: 0.8945627508000431
Epoch 3, Loss: 0.05346839874982834, Train Accuracy: 98.29727172851562,Test Loss: 0.1091621071100235, Test Accuracy: 96.91999816894531
Running Average Epoch time: 213.92474830150604

Time for Epoch:214.2071225643158
Average single batch time this epoch: 0.8975496495890821
Epoch 4, Loss: 0.0372605063021183, Train Accuracy: 98.8014144897461,Test Loss: 0.11204203963279724, Test Accuracy: 96.94999694824219
Running Average Epoch time: 214.76189955075583

Time for Epoch:216.43620204925537
Average single batch time this epoch: 0.9064595526100224
Epoch 5, Loss: 0.03640473634004593, Train Accuracy: 98.79139709472656,Test Loss: 0.12062176316976547, Test Accuracy: 96.72000122070312
Running Average Epoch time: 214.87437307834625

Time for Epoch:215.21179366111755
Average single batch time this epoch: 0.9011690239621024
Average time per Batch: 0.8999352442403126
Average time per Epoch: 214.87437307834625
