Epoch 1, Loss: 1400.9234619140625, Train Accuracy: 48.93083190917969,Test Loss: 0.3925347328186035, Test Accuracy: 87.66000366210938
Time for Epoch:455.1281108856201
Average single batch time this epoch: 7.675567030906677
Epoch 2, Loss: 0.29628437757492065, Train Accuracy: 90.82536315917969,Test Loss: 0.23099717497825623, Test Accuracy: 92.65999603271484
Running Average Epoch time: 446.6117613315582

Time for Epoch:446.6117613315582
Average single batch time this epoch: 7.533211999926074
Epoch 3, Loss: 0.18513311445713043, Train Accuracy: 94.22480773925781,Test Loss: 0.18473698198795319, Test Accuracy: 94.20999908447266
Running Average Epoch time: 443.02461540699005

Time for Epoch:439.4374694824219
Average single batch time this epoch: 7.4071988566168425
Epoch 4, Loss: 0.12493446469306946, Train Accuracy: 96.12406158447266,Test Loss: 0.16341464221477509, Test Accuracy: 95.16999816894531
Running Average Epoch time: 441.14843583106995

Time for Epoch:437.39607667922974
Average single batch time this epoch: 7.367349842499042
Epoch 5, Loss: 0.1071547195315361, Train Accuracy: 96.57866668701172,Test Loss: 0.1590372622013092, Test Accuracy: 95.13999938964844
Running Average Epoch time: 440.47904109954834

Time for Epoch:438.4708569049835
Average single batch time this epoch: 7.388886110535983
Average time per Batch: 7.4241617023944855
Average time per Epoch: 440.47904109954834
