Epoch 1, Loss: 152.579345703125, Train Accuracy: 27.02811050415039,Test Loss: 1.904407024383545, Test Accuracy: 46.72999954223633
Time for Epoch:130.46085810661316
Average single batch time this epoch: 8.94870230129787
Epoch 2, Loss: 0.8285508751869202, Train Accuracy: 74.64948272705078,Test Loss: 0.35899364948272705, Test Accuracy: 89.45000457763672
Running Average Epoch time: 127.25916910171509

Time for Epoch:127.25916910171509
Average single batch time this epoch: 8.725771069526672
Epoch 3, Loss: 0.31593719124794006, Train Accuracy: 90.60407257080078,Test Loss: 0.23303259909152985, Test Accuracy: 92.7699966430664
Running Average Epoch time: 126.8504147529602

Time for Epoch:126.44166040420532
Average single batch time this epoch: 8.674042429242816
Epoch 4, Loss: 0.19708427786827087, Train Accuracy: 94.03250885009766,Test Loss: 0.16521555185317993, Test Accuracy: 94.77999877929688
Running Average Epoch time: 126.48765118916829

Time for Epoch:125.76212406158447
Average single batch time this epoch: 8.612172722816467
Epoch 5, Loss: 0.13522568345069885, Train Accuracy: 95.9228515625,Test Loss: 0.12810690701007843, Test Accuracy: 95.9800033569336
Running Average Epoch time: 126.38637006282806

Time for Epoch:126.08252668380737
Average single batch time this epoch: 8.64232051372528
Average time per Batch: 8.66357668382781
Average time per Epoch: 126.38637006282806
