Epoch 1, Loss: 332.5255432128906, Train Accuracy: 80.30181884765625,Test Loss: 0.18418200314044952, Test Accuracy: 94.08000183105469
Time for Epoch:405.0974745750427
Average single batch time this epoch: 1.696985674719525
Epoch 2, Loss: 0.1642955094575882, Train Accuracy: 94.85176086425781,Test Loss: 0.19039782881736755, Test Accuracy: 94.31999969482422
Running Average Epoch time: 399.1192488670349

Time for Epoch:399.1192488670349
Average single batch time this epoch: 1.6726461974983542
Epoch 3, Loss: 0.1045418530702591, Train Accuracy: 96.66299438476562,Test Loss: 0.1625501662492752, Test Accuracy: 95.27000427246094
Running Average Epoch time: 397.4543025493622

Time for Epoch:395.78935623168945
Average single batch time this epoch: 1.6582584768278985
Epoch 4, Loss: 0.0812622532248497, Train Accuracy: 97.4609375,Test Loss: 0.1792481541633606, Test Accuracy: 94.95000457763672
Running Average Epoch time: 396.51524504025775

Time for Epoch:394.63713002204895
Average single batch time this epoch: 1.6530203584931855
Epoch 5, Loss: 0.06361199170351028, Train Accuracy: 97.90498352050781,Test Loss: 0.18299177289009094, Test Accuracy: 95.1500015258789
Running Average Epoch time: 396.4784625172615

Time for Epoch:396.3681149482727
Average single batch time this epoch: 1.6599833404915965
Average time per Batch: 1.6609770933277588
Average time per Epoch: 396.4784625172615
