Epoch 1, Loss: 2105.302490234375, Train Accuracy: 24.37918472290039,Test Loss: 10.02053451538086, Test Accuracy: 37.05999755859375
Time for Epoch:300.562420129776
Average single batch time this epoch: 20.407081076077052
Epoch 2, Loss: 3.656890630722046, Train Accuracy: 57.21958923339844,Test Loss: 0.7504346966743469, Test Accuracy: 77.61000061035156
Running Average Epoch time: 295.0104901790619

Time for Epoch:295.0104901790619
Average single batch time this epoch: 20.021394899913243
Epoch 3, Loss: 0.4980536103248596, Train Accuracy: 84.48834991455078,Test Loss: 0.34945806860923767, Test Accuracy: 89.11000061035156
Running Average Epoch time: 294.72966063022614

Time for Epoch:294.4488310813904
Average single batch time this epoch: 19.968358210154943
Epoch 4, Loss: 0.29057902097702026, Train Accuracy: 91.08538055419922,Test Loss: 0.23251889646053314, Test Accuracy: 92.58000183105469
Running Average Epoch time: 294.5611668427785

Time for Epoch:294.2241792678833
Average single batch time this epoch: 19.96729305812291
Epoch 5, Loss: 0.19834426045417786, Train Accuracy: 93.9208984375,Test Loss: 0.17155303061008453, Test Accuracy: 94.55999755859375
Running Average Epoch time: 294.3480600118637

Time for Epoch:293.70873951911926
Average single batch time this epoch: 19.92625883647374
Average time per Batch: 19.97082625116621
Average time per Epoch: 294.3480600118637
