Epoch 1, Loss: 1.5715538263320923, Train Accuracy: 56.43659210205078,Test Loss: 0.4085140526294708, Test Accuracy: 88.51000213623047
Time for Epoch:14.561791896820068
Average single batch time this epoch: 0.9843809604644775
Epoch 2, Loss: 0.31059810519218445, Train Accuracy: 91.10630798339844,Test Loss: 0.19763118028640747, Test Accuracy: 93.8499984741211
Running Average Epoch time: 13.045464754104614

Time for Epoch:13.045464754104614
Average single batch time this epoch: 0.8885841710226876
Epoch 3, Loss: 0.16527126729488373, Train Accuracy: 95.02301788330078,Test Loss: 0.13512815535068512, Test Accuracy: 95.6500015258789
Running Average Epoch time: 12.971693396568298

Time for Epoch:12.897922039031982
Average single batch time this epoch: 0.8757566554205758
Epoch 4, Loss: 0.1083877682685852, Train Accuracy: 96.73897552490234,Test Loss: 0.10925854742527008, Test Accuracy: 96.69999694824219
Running Average Epoch time: 12.964324792226156

Time for Epoch:12.94958758354187
Average single batch time this epoch: 0.8789791209357125
Epoch 5, Loss: 0.07355175912380219, Train Accuracy: 97.76262664794922,Test Loss: 0.09060797095298767, Test Accuracy: 97.18000030517578
Running Average Epoch time: 12.91502058506012

Time for Epoch:12.767107963562012
Average single batch time this epoch: 0.8733664410454887
Average time per Batch: 0.8791715971061163
Average time per Epoch: 12.91502058506012
