Epoch 1, Loss: 2.245114803314209, Train Accuracy: 16.142927169799805,Test Loss: 1.996374249458313, Test Accuracy: 25.389999389648438
Time for Epoch:10.712218761444092
Average single batch time this epoch: 1.427114384514945
Epoch 2, Loss: 1.7635842561721802, Train Accuracy: 39.71644973754883,Test Loss: 1.3797414302825928, Test Accuracy: 55.409996032714844
Running Average Epoch time: 10.238949298858643

Time for Epoch:10.238949298858643
Average single batch time this epoch: 1.3959005219595773
Epoch 3, Loss: 1.1828991174697876, Train Accuracy: 57.50383758544922,Test Loss: 0.9227749705314636, Test Accuracy: 67.27999877929688
Running Average Epoch time: 10.55181896686554

Time for Epoch:10.864688634872437
Average single batch time this epoch: 1.4921631131853377
Epoch 4, Loss: 0.8497092127799988, Train Accuracy: 69.7509765625,Test Loss: 0.729328989982605, Test Accuracy: 74.56999969482422
Running Average Epoch time: 10.511950174967447

Time for Epoch:10.432212591171265
Average single batch time this epoch: 1.4239696775163924
Epoch 5, Loss: 0.6657378077507019, Train Accuracy: 77.62276458740234,Test Loss: 0.564099907875061, Test Accuracy: 81.1500015258789
Running Average Epoch time: 10.574155867099762

Time for Epoch:10.760772943496704
Average single batch time this epoch: 1.470207929611206
Average time per Batch: 1.4455603105681285
Average time per Epoch: 10.574155867099762
