Epoch 1, Loss: 332.5384216308594, Train Accuracy: 80.40865325927734,Test Loss: 0.17449890077114105, Test Accuracy: 94.34000396728516
Time for Epoch:300.90730476379395
Average single batch time this epoch: 1.2325201085490038
Epoch 2, Loss: 0.1702757328748703, Train Accuracy: 94.70319366455078,Test Loss: 0.19154132902622223, Test Accuracy: 94.5
Running Average Epoch time: 296.025541305542

Time for Epoch:296.025541305542
Average single batch time this epoch: 1.212692996375581
Epoch 3, Loss: 0.10731641203165054, Train Accuracy: 96.5828628540039,Test Loss: 0.14880619943141937, Test Accuracy: 95.62000274658203
Running Average Epoch time: 296.1510120630264

Time for Epoch:296.27648282051086
Average single batch time this epoch: 1.2139741538936257
Epoch 4, Loss: 0.07363949716091156, Train Accuracy: 97.646240234375,Test Loss: 0.14362724125385284, Test Accuracy: 95.85000610351562
Running Average Epoch time: 296.6058923403422

Time for Epoch:297.51565289497375
Average single batch time this epoch: 1.2190864615970187
Epoch 5, Loss: 0.06221732869744301, Train Accuracy: 97.98176574707031,Test Loss: 0.2042388916015625, Test Accuracy: 94.73999786376953
Running Average Epoch time: 297.1137915253639

Time for Epoch:298.6374890804291
Average single batch time this epoch: 1.22381677892473
Average time per Batch: 1.2173925976977389
Average time per Epoch: 297.1137915253639
