Epoch 1, Loss: 35.314762115478516, Train Accuracy: 71.86321258544922,Test Loss: 0.19936509430408478, Test Accuracy: 94.06999969482422
Time for Epoch:129.67058777809143
Average single batch time this epoch: 2.159138502745793
Epoch 2, Loss: 0.15249671041965485, Train Accuracy: 95.33775329589844,Test Loss: 0.13080789148807526, Test Accuracy: 95.77999877929688
Running Average Epoch time: 125.82596445083618

Time for Epoch:125.82596445083618
Average single batch time this epoch: 2.096860248467018
Epoch 3, Loss: 0.08567024022340775, Train Accuracy: 97.43904876708984,Test Loss: 0.11227405071258545, Test Accuracy: 96.49000549316406
Running Average Epoch time: 126.26806199550629

Time for Epoch:126.71015954017639
Average single batch time this epoch: 2.112193514560831
Epoch 4, Loss: 0.05513321980834007, Train Accuracy: 98.28260040283203,Test Loss: 0.09369558095932007, Test Accuracy: 97.05000305175781
Running Average Epoch time: 125.59606464703877

Time for Epoch:124.25206995010376
Average single batch time this epoch: 2.069171087495212
Epoch 5, Loss: 0.04312239587306976, Train Accuracy: 98.66816711425781,Test Loss: 0.11140049993991852, Test Accuracy: 96.76000213623047
Running Average Epoch time: 125.70961517095566

Time for Epoch:126.0502667427063
Average single batch time this epoch: 2.1019806985197396
Average time per Batch: 2.0950513872607
Average time per Epoch: 125.70961517095566
