Epoch 1, Loss: 0.5344979763031006, Train Accuracy: 84.57367706298828,Test Loss: 0.12802721560001373, Test Accuracy: 96.17000579833984
Time for Epoch:21.638570308685303
Average single batch time this epoch: 0.3580234132964036
Epoch 2, Loss: 0.10222940146923065, Train Accuracy: 96.96255493164062,Test Loss: 0.10170026868581772, Test Accuracy: 96.77999877929688
Running Average Epoch time: 19.883780479431152

Time for Epoch:19.883780479431152
Average single batch time this epoch: 0.3318976616037303
Epoch 3, Loss: 0.06832464039325714, Train Accuracy: 97.84651184082031,Test Loss: 0.08754204958677292, Test Accuracy: 97.19000244140625
Running Average Epoch time: 19.86656618118286

Time for Epoch:19.84935188293457
Average single batch time this epoch: 0.3300954555643016
Epoch 4, Loss: 0.04254328832030296, Train Accuracy: 98.68669128417969,Test Loss: 0.12889622151851654, Test Accuracy: 96.52999877929688
Running Average Epoch time: 19.875633001327515

Time for Epoch:19.89376664161682
Average single batch time this epoch: 0.3320457647586691
Epoch 5, Loss: 0.03658837825059891, Train Accuracy: 98.78266143798828,Test Loss: 0.10114288330078125, Test Accuracy: 97.13999938964844
Running Average Epoch time: 19.883927941322327

Time for Epoch:19.908812761306763
Average single batch time this epoch: 0.33100084600777463
Average time per Batch: 0.3312599319836189
Average time per Epoch: 19.883927941322327
