Epoch 1, Loss: 9.76011848449707, Train Accuracy: 87.59181213378906,Test Loss: 0.16476130485534668, Test Accuracy: 94.69000244140625
Time for Epoch:527.6026952266693
Average single batch time this epoch: 2.2317777413588304
Epoch 2, Loss: 0.09966304153203964, Train Accuracy: 96.90838623046875,Test Loss: 0.10391318053007126, Test Accuracy: 96.69000244140625
Running Average Epoch time: 521.2466013431549

Time for Epoch:521.2466013431549
Average single batch time this epoch: 2.2058081229527793
Epoch 3, Loss: 0.05554891377687454, Train Accuracy: 98.17874908447266,Test Loss: 0.09854140877723694, Test Accuracy: 97.13999938964844
Running Average Epoch time: 520.9543446302414

Time for Epoch:520.6620879173279
Average single batch time this epoch: 2.203002420246092
Epoch 4, Loss: 0.03892955556511879, Train Accuracy: 98.71293640136719,Test Loss: 0.12971176207065582, Test Accuracy: 96.6500015258789
Running Average Epoch time: 518.6757583618164

Time for Epoch:514.1185858249664
Average single batch time this epoch: 2.1753063772478676
Epoch 5, Loss: 0.028391681611537933, Train Accuracy: 99.04347229003906,Test Loss: 0.09125088155269623, Test Accuracy: 97.55999755859375
Running Average Epoch time: 519.6261565089226

Time for Epoch:522.4773509502411
Average single batch time this epoch: 2.2099429837658873
Average time per Batch: 2.198514976053157
Average time per Epoch: 519.6261565089226
