Epoch 1, Loss: 1.631787896156311, Train Accuracy: 50.095909118652344,Test Loss: 0.7359649538993835, Test Accuracy: 77.4000015258789
Time for Epoch:10.262676477432251
Average single batch time this epoch: 0.6836086681910923
Epoch 2, Loss: 0.5503414869308472, Train Accuracy: 82.47593688964844,Test Loss: 0.39016035199165344, Test Accuracy: 88.41000366210938
Running Average Epoch time: 8.616263151168823

Time for Epoch:8.616263151168823
Average single batch time this epoch: 0.5890511955533709
Epoch 3, Loss: 0.3587453067302704, Train Accuracy: 89.58565521240234,Test Loss: 0.3009772002696991, Test Accuracy: 91.20999908447266
Running Average Epoch time: 8.867778420448303

Time for Epoch:9.119293689727783
Average single batch time this epoch: 0.6252278430121285
Epoch 4, Loss: 0.27766987681388855, Train Accuracy: 91.87186431884766,Test Loss: 0.23919613659381866, Test Accuracy: 92.83999633789062
Running Average Epoch time: 8.86882225672404

Time for Epoch:8.870909929275513
Average single batch time this epoch: 0.6070822307041713
Epoch 5, Loss: 0.22287391126155853, Train Accuracy: 93.56514739990234,Test Loss: 0.19790561497211456, Test Accuracy: 94.0
Running Average Epoch time: 8.784341275691986

Time for Epoch:8.530898332595825
Average single batch time this epoch: 0.5850429534912109
Average time per Batch: 0.6016010556902205
Average time per Epoch: 8.784341275691986
