Epoch 1, Loss: 0.5342037677764893, Train Accuracy: 84.60735321044922,Test Loss: 0.12815165519714355, Test Accuracy: 96.1500015258789
Time for Epoch:10.966833591461182
Average single batch time this epoch: 0.17532727225073452
Epoch 2, Loss: 0.10128180682659149, Train Accuracy: 96.99790954589844,Test Loss: 0.1022382453083992, Test Accuracy: 96.87000274658203
Running Average Epoch time: 9.272234916687012

Time for Epoch:9.272234916687012
Average single batch time this epoch: 0.15056000495779104
Epoch 3, Loss: 0.06902479380369186, Train Accuracy: 97.83472442626953,Test Loss: 0.08488582819700241, Test Accuracy: 97.38999938964844
Running Average Epoch time: 9.273244500160217

Time for Epoch:9.274254083633423
Average single batch time this epoch: 0.1505805541729105
Epoch 4, Loss: 0.04620762914419174, Train Accuracy: 98.52674102783203,Test Loss: 0.12426459789276123, Test Accuracy: 96.52999877929688
Running Average Epoch time: 9.258920590082804

Time for Epoch:9.230272769927979
Average single batch time this epoch: 0.149853463830619
Epoch 5, Loss: 0.034997209906578064, Train Accuracy: 98.85675048828125,Test Loss: 0.09977178275585175, Test Accuracy: 97.44999694824219
Running Average Epoch time: 9.258402347564697

Time for Epoch:9.256847620010376
Average single batch time this epoch: 0.15026877666341848
Average time per Batch: 0.15031569990618476
Average time per Epoch: 9.258402347564697
