Epoch 1, Loss: 1.6311150789260864, Train Accuracy: 50.15345764160156,Test Loss: 0.7342714071273804, Test Accuracy: 77.58000183105469
Time for Epoch:2.497614622116089
Average single batch time this epoch: 0.1537210430417742
Epoch 2, Loss: 0.5502070188522339, Train Accuracy: 82.45849609375,Test Loss: 0.39139094948768616, Test Accuracy: 88.25
Running Average Epoch time: 1.1991057395935059

Time for Epoch:1.1991057395935059
Average single batch time this epoch: 0.07739673342023577
Epoch 3, Loss: 0.3589951694011688, Train Accuracy: 89.599609375,Test Loss: 0.30152377486228943, Test Accuracy: 91.05999755859375
Running Average Epoch time: 1.2642619609832764

Time for Epoch:1.3294181823730469
Average single batch time this epoch: 0.0860133171081543
Epoch 4, Loss: 0.27809688448905945, Train Accuracy: 91.89278411865234,Test Loss: 0.23978540301322937, Test Accuracy: 92.9000015258789
Running Average Epoch time: 1.229463815689087

Time for Epoch:1.159867525100708
Average single batch time this epoch: 0.0745011397770473
Epoch 5, Loss: 0.2232525795698166, Train Accuracy: 93.51981353759766,Test Loss: 0.19791406393051147, Test Accuracy: 93.97000122070312
Running Average Epoch time: 1.214359700679779

Time for Epoch:1.1690473556518555
Average single batch time this epoch: 0.07545016493116107
Average time per Batch: 0.07834033880914962
Average time per Epoch: 1.214359700679779
