Epoch 1, Loss: 2.137626886367798, Train Accuracy: 25.03836441040039,Test Loss: 1.6679742336273193, Test Accuracy: 64.20000457763672
Time for Epoch:3.8707969188690186
Average single batch time this epoch: 0.4936321803501674
Epoch 2, Loss: 1.09929358959198, Train Accuracy: 74.69307708740234,Test Loss: 0.6352198123931885, Test Accuracy: 79.95999908447266
Running Average Epoch time: 2.5807671546936035

Time for Epoch:2.5807671546936035
Average single batch time this epoch: 0.34141312326703754
Epoch 3, Loss: 0.6101600527763367, Train Accuracy: 80.45479583740234,Test Loss: 0.5076805353164673, Test Accuracy: 84.31999969482422
Running Average Epoch time: 2.6357741355895996

Time for Epoch:2.6907811164855957
Average single batch time this epoch: 0.3574565478733608
Epoch 4, Loss: 0.46004414558410645, Train Accuracy: 86.12583923339844,Test Loss: 0.38228362798690796, Test Accuracy: 89.02000427246094
Running Average Epoch time: 2.578076442082723

Time for Epoch:2.4626810550689697
Average single batch time this epoch: 0.32038913454328266
Epoch 5, Loss: 0.367047518491745, Train Accuracy: 89.47405242919922,Test Loss: 0.3279799818992615, Test Accuracy: 90.69000244140625
Running Average Epoch time: 2.5612839460372925

Time for Epoch:2.510906457901001
Average single batch time this epoch: 0.33108626093183247
Average time per Batch: 0.33758626665387836
Average time per Epoch: 2.5612839460372925
