Epoch 1, Loss: 453.2373352050781, Train Accuracy: 65.38253784179688,Test Loss: 0.2309095710515976, Test Accuracy: 92.9000015258789
Time for Epoch:660.3510735034943
Average single batch time this epoch: 11.008593941556997
Epoch 2, Loss: 0.174674391746521, Train Accuracy: 94.7198257446289,Test Loss: 0.13938277959823608, Test Accuracy: 95.62000274658203
Running Average Epoch time: 650.43665766716

Time for Epoch:650.43665766716
Average single batch time this epoch: 10.834632376144672
Epoch 3, Loss: 0.08691459149122238, Train Accuracy: 97.314453125,Test Loss: 0.11299127340316772, Test Accuracy: 96.31999969482422
Running Average Epoch time: 648.6459704637527

Time for Epoch:646.8552832603455
Average single batch time this epoch: 10.776619039732834
Epoch 4, Loss: 0.050099506974220276, Train Accuracy: 98.50484466552734,Test Loss: 0.13111558556556702, Test Accuracy: 95.94000244140625
Running Average Epoch time: 648.6277504762014

Time for Epoch:648.5913105010986
Average single batch time this epoch: 10.806076337551248
Epoch 5, Loss: 0.03769443929195404, Train Accuracy: 98.86180114746094,Test Loss: 0.14398272335529327, Test Accuracy: 95.92000579833984
Running Average Epoch time: 647.7794243693352

Time for Epoch:645.2344460487366
Average single batch time this epoch: 10.74943207050192
Average time per Batch: 10.791689955982667
Average time per Epoch: 647.7794243693352
