Epoch 1, Loss: 1.221405267715454, Train Accuracy: 69.41507720947266,Test Loss: 0.19061928987503052, Test Accuracy: 94.38999938964844
Time for Epoch:85.95799112319946
Average single batch time this epoch: 1.4311246871948242
Epoch 2, Loss: 0.14868134260177612, Train Accuracy: 95.58021545410156,Test Loss: 0.1318112313747406, Test Accuracy: 95.7300033569336
Running Average Epoch time: 81.99021577835083

Time for Epoch:81.99021577835083
Average single batch time this epoch: 1.3669831917203705
Epoch 3, Loss: 0.08985768258571625, Train Accuracy: 97.28246307373047,Test Loss: 0.11534591019153595, Test Accuracy: 96.55999755859375
Running Average Epoch time: 81.81268060207367

Time for Epoch:81.63514542579651
Average single batch time this epoch: 1.3628908190233955
Epoch 4, Loss: 0.07200417667627335, Train Accuracy: 97.76905822753906,Test Loss: 0.1359216868877411, Test Accuracy: 96.0
Running Average Epoch time: 81.50436115264893

Time for Epoch:80.88772225379944
Average single batch time this epoch: 1.353989338052684
Epoch 5, Loss: 0.060250408947467804, Train Accuracy: 98.12769317626953,Test Loss: 0.11300064623355865, Test Accuracy: 96.97999572753906
Running Average Epoch time: 81.38261258602142

Time for Epoch:81.01736688613892
Average single batch time this epoch: 1.3545700352767418
Average time per Batch: 1.3596083460182982
Average time per Epoch: 81.38261258602142
