Epoch 1, Loss: 2.244687557220459, Train Accuracy: 16.409738540649414,Test Loss: 1.9962406158447266, Test Accuracy: 25.5
Time for Epoch:3.3505733013153076
Average single batch time this epoch: 0.4222605228424072
Epoch 2, Loss: 1.7836697101593018, Train Accuracy: 39.33628463745117,Test Loss: 1.4738820791244507, Test Accuracy: 53.130001068115234
Running Average Epoch time: 1.9039764404296875

Time for Epoch:1.9039764404296875
Average single batch time this epoch: 0.25221759932381765
Epoch 3, Loss: 1.2036821842193604, Train Accuracy: 58.522254943847656,Test Loss: 0.9709685444831848, Test Accuracy: 64.22000122070312
Running Average Epoch time: 1.8349721431732178

Time for Epoch:1.765967845916748
Average single batch time this epoch: 0.23157954216003418
Epoch 4, Loss: 0.8796331286430359, Train Accuracy: 68.04722595214844,Test Loss: 0.736609935760498, Test Accuracy: 72.50999450683594
Running Average Epoch time: 1.8034241994222004

Time for Epoch:1.740328311920166
Average single batch time this epoch: 0.22828660692487443
Epoch 5, Loss: 0.6828857660293579, Train Accuracy: 77.20598602294922,Test Loss: 0.5549968481063843, Test Accuracy: 82.45999908447266
Running Average Epoch time: 1.791959524154663

Time for Epoch:1.7575654983520508
Average single batch time this epoch: 0.23090502193995885
Average time per Batch: 0.23574719258717128
Average time per Epoch: 1.791959524154663
