Epoch 1, Loss: 1.6311091184616089, Train Accuracy: 50.15345764160156,Test Loss: 0.7342717051506042, Test Accuracy: 77.56999969482422
Time for Epoch:4.322044610977173
Average single batch time this epoch: 0.27888005120413645
Epoch 2, Loss: 0.5503045916557312, Train Accuracy: 82.43756866455078,Test Loss: 0.39164313673973083, Test Accuracy: 88.23999786376953
Running Average Epoch time: 3.0878405570983887

Time for Epoch:3.0878405570983887
Average single batch time this epoch: 0.2033447708402361
Epoch 3, Loss: 0.3591938316822052, Train Accuracy: 89.58565521240234,Test Loss: 0.3016379773616791, Test Accuracy: 91.04999542236328
Running Average Epoch time: 2.86984920501709

Time for Epoch:2.651857852935791
Average single batch time this epoch: 0.1759347915649414
Epoch 4, Loss: 0.2782619893550873, Train Accuracy: 91.87186431884766,Test Loss: 0.23997712135314941, Test Accuracy: 92.91999816894531
Running Average Epoch time: 2.839261849721273

Time for Epoch:2.7780871391296387
Average single batch time this epoch: 0.182847193309239
Epoch 5, Loss: 0.22334010899066925, Train Accuracy: 93.51631927490234,Test Loss: 0.1978406459093094, Test Accuracy: 93.95999908447266
Running Average Epoch time: 2.849664568901062

Time for Epoch:2.8808727264404297
Average single batch time this epoch: 0.18953684398106166
Average time per Batch: 0.18791589992386953
Average time per Epoch: 2.849664568901062
