Epoch 1, Loss: 0.542398989200592, Train Accuracy: 81.77249908447266,Test Loss: 0.19122682511806488, Test Accuracy: 94.38999938964844
Time for Epoch:16.32364559173584
Average single batch time this epoch: 0.0674663293055999
Epoch 2, Loss: 0.1557077318429947, Train Accuracy: 95.42935180664062,Test Loss: 0.14952707290649414, Test Accuracy: 95.75
Running Average Epoch time: 14.301846027374268

Time for Epoch:14.301846027374268
Average single batch time this epoch: 0.05999652544657389
Epoch 3, Loss: 0.10602795332670212, Train Accuracy: 96.92007446289062,Test Loss: 0.1394498497247696, Test Accuracy: 96.29000091552734
Running Average Epoch time: 14.220165610313416

Time for Epoch:14.138485193252563
Average single batch time this epoch: 0.05922304463182759
Epoch 4, Loss: 0.07808046787977219, Train Accuracy: 97.68463134765625,Test Loss: 0.1450103223323822, Test Accuracy: 96.13999938964844
Running Average Epoch time: 14.091383377710978

Time for Epoch:13.833818912506104
Average single batch time this epoch: 0.05799320416572767
Epoch 5, Loss: 0.06838411092758179, Train Accuracy: 98.06023406982422,Test Loss: 0.11588890105485916, Test Accuracy: 97.05999755859375
Running Average Epoch time: 14.118805706501007

Time for Epoch:14.201072692871094
Average single batch time this epoch: 0.059527426703363404
Average time per Batch: 0.059185050236873135
Average time per Epoch: 14.118805706501007
