Epoch 1, Loss: 9.487813949584961, Train Accuracy: 87.94404602050781,Test Loss: 0.16040197014808655, Test Accuracy: 94.8800048828125
Time for Epoch:154.01011610031128
Average single batch time this epoch: 0.6300389420272957
Epoch 2, Loss: 0.09019815176725388, Train Accuracy: 97.21887969970703,Test Loss: 0.12328853458166122, Test Accuracy: 96.36000061035156
Running Average Epoch time: 151.35746788978577

Time for Epoch:151.35746788978577
Average single batch time this epoch: 0.6197355129779913
Epoch 3, Loss: 0.05010142922401428, Train Accuracy: 98.4324951171875,Test Loss: 0.1127382293343544, Test Accuracy: 97.11000061035156
Running Average Epoch time: 151.37584626674652

Time for Epoch:151.39422464370728
Average single batch time this epoch: 0.619912890287546
Epoch 4, Loss: 0.03867984190583229, Train Accuracy: 98.72462463378906,Test Loss: 0.12366252392530441, Test Accuracy: 96.75
Running Average Epoch time: 151.3542362054189

Time for Epoch:151.31101608276367
Average single batch time this epoch: 0.619624548488193
Epoch 5, Loss: 0.03227698802947998, Train Accuracy: 98.90324401855469,Test Loss: 0.14100486040115356, Test Accuracy: 96.69999694824219
Running Average Epoch time: 151.41955119371414

Time for Epoch:151.61549615859985
Average single batch time this epoch: 0.6208545703154343
Average time per Batch: 0.6200318805172912
Average time per Epoch: 151.41955119371414
