Epoch 1, Loss: 0.47618383169174194, Train Accuracy: 87.44491577148438,Test Loss: 0.19785068929195404, Test Accuracy: 94.29000091552734
Time for Epoch:65.70257067680359
Average single batch time this epoch: 0.27567544859698695
Epoch 2, Loss: 0.11570756882429123, Train Accuracy: 96.57952880859375,Test Loss: 0.13430121541023254, Test Accuracy: 96.4000015258789
Running Average Epoch time: 63.31343460083008

Time for Epoch:63.31343460083008
Average single batch time this epoch: 0.26564337860824716
Epoch 3, Loss: 0.0846693366765976, Train Accuracy: 97.62786865234375,Test Loss: 0.11246087402105331, Test Accuracy: 97.05000305175781
Running Average Epoch time: 63.406670808792114

Time for Epoch:63.49990701675415
Average single batch time this epoch: 0.2663357960872161
Epoch 4, Loss: 0.06346146762371063, Train Accuracy: 98.20880126953125,Test Loss: 0.13951845467090607, Test Accuracy: 96.70999908447266
Running Average Epoch time: 63.368058919906616

Time for Epoch:63.29083514213562
Average single batch time this epoch: 0.2666279311872955
Epoch 5, Loss: 0.05437864735722542, Train Accuracy: 98.45419311523438,Test Loss: 0.1269405633211136, Test Accuracy: 97.05999755859375
Running Average Epoch time: 63.451572835445404

Time for Epoch:63.70211458206177
Average single batch time this epoch: 0.267667454532069
Average time per Batch: 0.2665686401037069
Average time per Epoch: 63.451572835445404
