Epoch 1, Loss: 1.9817140102386475, Train Accuracy: 29.765972137451172,Test Loss: 1.2820312976837158, Test Accuracy: 55.339996337890625
Time for Epoch:6.112778425216675
Average single batch time this epoch: 0.39821079799107145
Epoch 2, Loss: 0.999670684337616, Train Accuracy: 64.20201110839844,Test Loss: 0.7131388187408447, Test Accuracy: 76.51000213623047
Running Average Epoch time: 4.322711706161499

Time for Epoch:4.322711706161499
Average single batch time this epoch: 0.291857191494533
Epoch 3, Loss: 0.5996125340461731, Train Accuracy: 80.23506927490234,Test Loss: 0.45101016759872437, Test Accuracy: 86.29000091552734
Running Average Epoch time: 4.380309820175171

Time for Epoch:4.437907934188843
Average single batch time this epoch: 0.2987255539212908
Epoch 4, Loss: 0.3960582911968231, Train Accuracy: 88.08942413330078,Test Loss: 0.35835540294647217, Test Accuracy: 89.52999877929688
Running Average Epoch time: 4.316089471181233

Time for Epoch:4.187648773193359
Average single batch time this epoch: 0.28151277133396696
Epoch 5, Loss: 0.30197304487228394, Train Accuracy: 91.21442413330078,Test Loss: 0.2630593776702881, Test Accuracy: 92.18999481201172
Running Average Epoch time: 4.293868660926819

Time for Epoch:4.227206230163574
Average single batch time this epoch: 0.28277128083365305
Average time per Batch: 0.288716699395861
Average time per Epoch: 4.293868660926819
