Epoch 1, Loss: 3.4262566566467285, Train Accuracy: 25.835308074951172,Test Loss: 1.4150424003601074, Test Accuracy: 47.67000198364258
Time for Epoch:24.157784461975098
Average single batch time this epoch: 1.6430861439023698
Epoch 2, Loss: 0.9045753479003906, Train Accuracy: 70.05440521240234,Test Loss: 0.4386914074420929, Test Accuracy: 86.87000274658203
Running Average Epoch time: 22.123322248458862

Time for Epoch:22.123322248458862
Average single batch time this epoch: 1.52496680191585
Epoch 3, Loss: 0.34455007314682007, Train Accuracy: 89.57868194580078,Test Loss: 0.247406005859375, Test Accuracy: 92.54000091552734
Running Average Epoch time: 22.043012142181396

Time for Epoch:21.96270203590393
Average single batch time this epoch: 1.4992191110338484
Epoch 4, Loss: 0.1969284564256668, Train Accuracy: 94.01680755615234,Test Loss: 0.17387865483760834, Test Accuracy: 94.54000091552734
Running Average Epoch time: 22.246492942174275

Time for Epoch:22.653454542160034
Average single batch time this epoch: 1.5380235399518694
Epoch 5, Loss: 0.1317710131406784, Train Accuracy: 96.00306701660156,Test Loss: 0.14499077200889587, Test Accuracy: 95.52000427246094
Running Average Epoch time: 22.1733455657959

Time for Epoch:21.953903436660767
Average single batch time this epoch: 1.5043524163109916
Average time per Batch: 1.51664046730314
Average time per Epoch: 22.1733455657959
