Epoch 1, Loss: 1.0138614177703857, Train Accuracy: 64.43460845947266,Test Loss: 0.36004725098609924, Test Accuracy: 89.31999969482422
Time for Epoch:35.06909513473511
Average single batch time this epoch: 0.5894572323766248
Epoch 2, Loss: 0.270132452249527, Train Accuracy: 92.06290435791016,Test Loss: 0.19139231741428375, Test Accuracy: 94.30999755859375
Running Average Epoch time: 34.47287034988403

Time for Epoch:34.47287034988403
Average single batch time this epoch: 0.5849882939766193
Epoch 3, Loss: 0.16818265616893768, Train Accuracy: 94.93534851074219,Test Loss: 0.15173377096652985, Test Accuracy: 95.45999908447266
Running Average Epoch time: 33.99010443687439

Time for Epoch:33.507338523864746
Average single batch time this epoch: 0.5688337786444302
Epoch 4, Loss: 0.11840306222438812, Train Accuracy: 96.55340576171875,Test Loss: 0.14374922215938568, Test Accuracy: 95.83000183105469
Running Average Epoch time: 33.54096055030823

Time for Epoch:32.6426727771759
Average single batch time this epoch: 0.553296894862734
Epoch 5, Loss: 0.09073352813720703, Train Accuracy: 97.39359283447266,Test Loss: 0.11099430918693542, Test Accuracy: 96.87000274658203
Running Average Epoch time: 33.68013322353363

Time for Epoch:34.09765124320984
Average single batch time this epoch: 0.5777078620318709
Average time per Batch: 0.5712067073789137
Average time per Epoch: 33.68013322353363
