Epoch 1, Loss: 2107.732666015625, Train Accuracy: 21.988351821899414,Test Loss: 9.777973175048828, Test Accuracy: 29.8799991607666
Time for Epoch:428.0968701839447
Average single batch time this epoch: 29.022879004478455
Epoch 2, Loss: 3.1526548862457275, Train Accuracy: 56.47844696044922,Test Loss: 0.7921267747879028, Test Accuracy: 75.43000030517578
Running Average Epoch time: 417.99178075790405

Time for Epoch:417.99178075790405
Average single batch time this epoch: 28.28560742310115
Epoch 3, Loss: 0.49439024925231934, Train Accuracy: 85.05859375,Test Loss: 0.33917438983917236, Test Accuracy: 89.59000396728516
Running Average Epoch time: 417.11021995544434

Time for Epoch:416.2286591529846
Average single batch time this epoch: 28.180334772382462
Epoch 4, Loss: 0.2905052602291107, Train Accuracy: 91.20047760009766,Test Loss: 0.24050095677375793, Test Accuracy: 92.47999572753906
Running Average Epoch time: 415.9923527240753

Time for Epoch:413.7566182613373
Average single batch time this epoch: 27.971247298376902
Epoch 5, Loss: 0.20386621356010437, Train Accuracy: 93.71337890625,Test Loss: 0.1833198219537735, Test Accuracy: 94.01000213623047
Running Average Epoch time: 414.9857477545738

Time for Epoch:411.96593284606934
Average single batch time this epoch: 27.875719990049088
Average time per Batch: 28.0782273709774
Average time per Epoch: 414.9857477545738
