Epoch 1, Loss: 0.5284667015075684, Train Accuracy: 82.26996612548828,Test Loss: 0.1815507560968399, Test Accuracy: 94.56999969482422
Time for Epoch:100.10187411308289
Average single batch time this epoch: 0.42426670922173393
Epoch 2, Loss: 0.15519346296787262, Train Accuracy: 95.50447082519531,Test Loss: 0.15468822419643402, Test Accuracy: 95.61000061035156
Running Average Epoch time: 100.27333092689514

Time for Epoch:100.27333092689514
Average single batch time this epoch: 0.4262471708477053
Epoch 3, Loss: 0.10740523040294647, Train Accuracy: 96.82992553710938,Test Loss: 0.1588033139705658, Test Accuracy: 95.81999969482422
Running Average Epoch time: 98.7464485168457

Time for Epoch:97.21956610679626
Average single batch time this epoch: 0.413238597731305
Epoch 4, Loss: 0.07938466966152191, Train Accuracy: 97.71634674072266,Test Loss: 0.12537449598312378, Test Accuracy: 96.58000183105469
Running Average Epoch time: 100.24139857292175

Time for Epoch:103.23129868507385
Average single batch time this epoch: 0.43907232366056526
Epoch 5, Loss: 0.07242140918970108, Train Accuracy: 97.89329528808594,Test Loss: 0.11815145611763, Test Accuracy: 97.06999969482422
Running Average Epoch time: 101.05871337652206

Time for Epoch:103.510657787323
Average single batch time this epoch: 0.4401418857085399
Average time per Batch: 0.42967499448702884
Average time per Epoch: 101.05871337652206
