Epoch 1, Loss: 1.045624852180481, Train Accuracy: 62.978179931640625,Test Loss: 0.3762158453464508, Test Accuracy: 88.79000091552734
Time for Epoch:3.8130571842193604
Average single batch time this epoch: 0.057023849980584504
Epoch 2, Loss: 0.27274417877197266, Train Accuracy: 91.96356201171875,Test Loss: 0.19279323518276215, Test Accuracy: 94.4800033569336
Running Average Epoch time: 2.366913080215454

Time for Epoch:2.366913080215454
Average single batch time this epoch: 0.03800901051225333
Epoch 3, Loss: 0.16706714034080505, Train Accuracy: 95.07341003417969,Test Loss: 0.14994634687900543, Test Accuracy: 95.63999938964844
Running Average Epoch time: 2.29829204082489

Time for Epoch:2.229671001434326
Average single batch time this epoch: 0.03563730058998897
Epoch 4, Loss: 0.11692927032709122, Train Accuracy: 96.58539581298828,Test Loss: 0.13122251629829407, Test Accuracy: 96.0
Running Average Epoch time: 2.2815775871276855

Time for Epoch:2.2481486797332764
Average single batch time this epoch: 0.03595529753586341
Epoch 5, Loss: 0.08708614856004715, Train Accuracy: 97.45925903320312,Test Loss: 0.13286808133125305, Test Accuracy: 96.06999969482422
Running Average Epoch time: 2.2621636986732483

Time for Epoch:2.2039220333099365
Average single batch time this epoch: 0.035174205385405444
Average time per Batch: 0.03619395350587779
Average time per Epoch: 2.2621636986732483
