Epoch 1, Loss: 0.5417015552520752, Train Accuracy: 81.81924438476562,Test Loss: 0.19513137638568878, Test Accuracy: 94.27999877929688
Time for Epoch:6.73988938331604
Average single batch time this epoch: 0.026630826485462677
Epoch 2, Loss: 0.15549534559249878, Train Accuracy: 95.44437408447266,Test Loss: 0.17035073041915894, Test Accuracy: 95.20000457763672
Running Average Epoch time: 5.145979642868042

Time for Epoch:5.145979642868042
Average single batch time this epoch: 0.021273427539401583
Epoch 3, Loss: 0.10330474376678467, Train Accuracy: 97.03191375732422,Test Loss: 0.15268975496292114, Test Accuracy: 95.70000457763672
Running Average Epoch time: 5.125607490539551

Time for Epoch:5.10523533821106
Average single batch time this epoch: 0.02112366806747567
Epoch 4, Loss: 0.07576481252908707, Train Accuracy: 97.76475524902344,Test Loss: 0.11931520700454712, Test Accuracy: 96.77000427246094
Running Average Epoch time: 5.106609741846721

Time for Epoch:5.06861424446106
Average single batch time this epoch: 0.02096067840217525
Epoch 5, Loss: 0.06388168781995773, Train Accuracy: 98.19377899169922,Test Loss: 0.12236248701810837, Test Accuracy: 96.91999816894531
Running Average Epoch time: 5.104385316371918

Time for Epoch:5.09771203994751
Average single batch time this epoch: 0.021084217943696894
Average time per Batch: 0.02111049798818735
Average time per Epoch: 5.104385316371918
