Epoch 1, Loss: 321.4228210449219, Train Accuracy: 80.04139709472656,Test Loss: 0.22534921765327454, Test Accuracy: 92.91999816894531
Time for Epoch:1051.2135019302368
Average single batch time this epoch: 4.449240984060825
Epoch 2, Loss: 0.1654936969280243, Train Accuracy: 94.83172607421875,Test Loss: 0.1709236055612564, Test Accuracy: 95.02000427246094
Running Average Epoch time: 1029.2594783306122

Time for Epoch:1029.2594783306122
Average single batch time this epoch: 4.35543529702048
Epoch 3, Loss: 0.11281967163085938, Train Accuracy: 96.43262481689453,Test Loss: 0.16546301543712616, Test Accuracy: 94.8800048828125
Running Average Epoch time: 1033.9271742105484

Time for Epoch:1038.5948700904846
Average single batch time this epoch: 4.395214914256691
Epoch 4, Loss: 0.082889623939991, Train Accuracy: 97.26228332519531,Test Loss: 0.14260278642177582, Test Accuracy: 95.75
Running Average Epoch time: 1033.1620488961537

Time for Epoch:1031.6317982673645
Average single batch time this epoch: 4.3640063756551495
Epoch 5, Loss: 0.07130935788154602, Train Accuracy: 97.63788604736328,Test Loss: 0.14256538450717926, Test Accuracy: 96.08000183105469
Running Average Epoch time: 1035.3951994776726

Time for Epoch:1042.094651222229
Average single batch time this epoch: 4.409558532584427
Average time per Batch: 4.381053779879187
Average time per Epoch: 1035.3951994776726
