Epoch 1, Loss: 2.137626886367798, Train Accuracy: 25.03836441040039,Test Loss: 1.667974591255188, Test Accuracy: 64.20000457763672
Time for Epoch:2.6339786052703857
Average single batch time this epoch: 0.32577667917524067
Epoch 2, Loss: 1.0993155241012573, Train Accuracy: 74.68610382080078,Test Loss: 0.6351539492607117, Test Accuracy: 79.94999694824219
Running Average Epoch time: 1.2512633800506592

Time for Epoch:1.2512633800506592
Average single batch time this epoch: 0.16179459435599192
Epoch 3, Loss: 0.6100152134895325, Train Accuracy: 80.45654296875,Test Loss: 0.5073832869529724, Test Accuracy: 84.33000183105469
Running Average Epoch time: 1.2172244787216187

Time for Epoch:1.1831855773925781
Average single batch time this epoch: 0.15231152943202428
Epoch 4, Loss: 0.45995327830314636, Train Accuracy: 86.12932586669922,Test Loss: 0.3821007013320923, Test Accuracy: 89.0
Running Average Epoch time: 1.1954150199890137

Time for Epoch:1.1517961025238037
Average single batch time this epoch: 0.14773048673357284
Epoch 5, Loss: 0.36701497435569763, Train Accuracy: 89.47056579589844,Test Loss: 0.3279159367084503, Test Accuracy: 90.69000244140625
Running Average Epoch time: 1.1679230332374573

Time for Epoch:1.085447072982788
Average single batch time this epoch: 0.13802361488342285
Average time per Batch: 0.14996505635125296
Average time per Epoch: 1.1679230332374573
