Epoch 1, Loss: 4005.220947265625, Train Accuracy: 17.829240798950195,Test Loss: 383.0576477050781, Test Accuracy: 30.100000381469727
Time for Epoch:396.7301995754242
Average single batch time this epoch: 53.58575633593968
Epoch 2, Loss: 129.66683959960938, Train Accuracy: 29.84270477294922,Test Loss: 9.554815292358398, Test Accuracy: 34.90999984741211
Running Average Epoch time: 392.4204566478729

Time for Epoch:392.4204566478729
Average single batch time this epoch: 52.81918961661203
Epoch 3, Loss: 4.810723304748535, Train Accuracy: 46.65701675415039,Test Loss: 1.3869004249572754, Test Accuracy: 65.12000274658203
Running Average Epoch time: 385.71604228019714

Time for Epoch:379.01162791252136
Average single batch time this epoch: 51.09105099950518
Epoch 4, Loss: 1.062315583229065, Train Accuracy: 68.8232421875,Test Loss: 0.6099417805671692, Test Accuracy: 80.54999542236328
Running Average Epoch time: 383.8992428779602

Time for Epoch:380.2656440734863
Average single batch time this epoch: 51.13187680925642
Epoch 5, Loss: 0.5561699271202087, Train Accuracy: 82.26318359375,Test Loss: 0.42962148785591125, Test Accuracy: 86.5999984741211
Running Average Epoch time: 381.7395913004875

Time for Epoch:375.26063656806946
Average single batch time this epoch: 50.470810651779175
Average time per Batch: 51.3782320192882
Average time per Epoch: 381.7395913004875
