Epoch 1, Loss: 2.453465223312378, Train Accuracy: 35.92006301879883,Test Loss: 1.093863844871521, Test Accuracy: 65.5999984741211
Time for Epoch:24.719272136688232
Average single batch time this epoch: 3.34298460824149
Epoch 2, Loss: 0.6877082586288452, Train Accuracy: 79.47300720214844,Test Loss: 0.40826714038848877, Test Accuracy: 88.95000457763672
Running Average Epoch time: 22.527510166168213

Time for Epoch:22.527510166168213
Average single batch time this epoch: 3.083984851837158
Epoch 3, Loss: 0.3605380952358246, Train Accuracy: 89.85072326660156,Test Loss: 0.25388413667678833, Test Accuracy: 92.52999877929688
Running Average Epoch time: 22.685975432395935

Time for Epoch:22.844440698623657
Average single batch time this epoch: 3.105201176234654
Epoch 4, Loss: 0.2252092808485031, Train Accuracy: 93.31752014160156,Test Loss: 0.18384167551994324, Test Accuracy: 94.43000030517578
Running Average Epoch time: 23.030630826950073

Time for Epoch:23.71994161605835
Average single batch time this epoch: 3.2265293257577077
Epoch 5, Loss: 0.16573597490787506, Train Accuracy: 95.03522491455078,Test Loss: 0.1456081122159958, Test Accuracy: 95.34000396728516
Running Average Epoch time: 22.900190353393555

Time for Epoch:22.508868932724
Average single batch time this epoch: 3.052549089704241
Average time per Batch: 3.1170661108834405
Average time per Epoch: 22.900190353393555
